d:\杨耀堃\stlex\stlex\debug\stlex.pch
d:\杨耀堃\stlex\stlex\debug\vc140.pdb
d:\杨耀堃\stlex\stlex\debug\vc140.idb
d:\杨耀堃\stlex\stlex\debug\源.obj
d:\杨耀堃\stlex\stlex\debug\tinyxmlparser.obj
d:\杨耀堃\stlex\stlex\debug\tinyxmlerror.obj
d:\杨耀堃\stlex\stlex\debug\tinyxml.obj
d:\杨耀堃\stlex\stlex\debug\tinystr.obj
d:\杨耀堃\stlex\stlex\debug\stdafx.obj
d:\杨耀堃\stlex\stlex\debug\shop.obj
d:\杨耀堃\stlex\stlex\debug\sencemanager.obj
d:\杨耀堃\stlex\stlex\debug\quest.obj
d:\杨耀堃\stlex\stlex\debug\posion.obj
d:\杨耀堃\stlex\stlex\debug\player.obj
d:\杨耀堃\stlex\stlex\debug\node.obj
d:\杨耀堃\stlex\stlex\debug\misc.obj
d:\杨耀堃\stlex\stlex\debug\mapmanager.obj
d:\杨耀堃\stlex\stlex\debug\itemmanager.obj
d:\杨耀堃\stlex\stlex\debug\item.obj
d:\杨耀堃\stlex\stlex\debug\equipment.obj
d:\杨耀堃\stlex\stlex\debug\cobject.obj
d:\杨耀堃\stlex\stlex\debug\cmonster_manager.obj
d:\杨耀堃\stlex\stlex\debug\cmonster.obj
d:\杨耀堃\stlex\stlex\debug\cmap.obj
d:\杨耀堃\stlex\stlex\debug\battle.obj
d:\杨耀堃\stlex\bin\stlex.ilk
d:\杨耀堃\stlex\bin\stlex.exe
d:\杨耀堃\stlex\bin\stlex.pdb
d:\杨耀堃\stlex\stlex\../bin\stlex.exe
d:\杨耀堃\stlex\stlex\debug\stlex.tlog\cl.command.1.tlog
d:\杨耀堃\stlex\stlex\debug\stlex.tlog\cl.read.1.tlog
d:\杨耀堃\stlex\stlex\debug\stlex.tlog\cl.write.1.tlog
d:\杨耀堃\stlex\stlex\debug\stlex.tlog\link.command.1.tlog
d:\杨耀堃\stlex\stlex\debug\stlex.tlog\link.read.1.tlog
d:\杨耀堃\stlex\stlex\debug\stlex.tlog\link.write.1.tlog
